03/12/10 02:36:10 PM - Building message catalogs...
03/12/10 02:36:10 PM - Building Linux x86 install...  
03/12/10 02:36:10 PM - Install does not exist.  Doing a full build...
03/12/10 02:36:10 PM - Building main.tcl...
03/12/10 02:36:10 PM - Refreshing file groups...
03/12/10 02:36:10 PM - Getting file list...
03/12/10 02:36:10 PM - Building file manifest...
03/12/10 02:36:10 PM - Saving install information...
03/12/10 02:36:11 PM - Building install...
03/12/10 02:36:11 PM - Building install executable...
03/12/10 02:36:11 PM - Linux x86 build completed in 00m01s.
03/12/10 02:36:11 PM - Installer size is 2.57 MB.
03/12/10 02:36:11 PM - Build completed in 00m01s.
03/12/10 02:36:19 PM - Building message catalogs...
03/12/10 02:36:19 PM - Building Linux x86 install...  
03/12/10 02:36:19 PM - Building main.tcl...
03/12/10 02:36:19 PM - Refreshing file groups...
03/12/10 02:36:19 PM - Getting file list...
03/12/10 02:36:19 PM - Building file manifest...
03/12/10 02:36:19 PM - Saving install information...
03/12/10 02:36:19 PM - Building install...
03/12/10 02:36:19 PM - Building install executable...
03/12/10 02:36:20 PM - Linux x86 build completed in 00m01s.
03/12/10 02:36:20 PM - Installer size is 5.09 MB.
03/12/10 02:36:20 PM - Build completed in 00m02s.
03/12/10 02:36:42 PM - Building message catalogs...
03/12/10 02:36:42 PM - Building Linux x86 install...  
03/12/10 02:36:42 PM - Building main.tcl...
03/12/10 02:36:42 PM - Refreshing file groups...
03/12/10 02:36:42 PM - Getting file list...
03/12/10 02:36:42 PM - Building file manifest...
03/12/10 02:36:42 PM - Saving install information...
03/12/10 02:36:43 PM - Building install...
03/12/10 02:36:43 PM - Building install executable...
03/12/10 02:36:44 PM - Linux x86 build completed in 00m02s.
03/12/10 02:36:44 PM - Installer size is 7.62 MB.
03/12/10 02:36:44 PM - Build completed in 00m02s.
03/12/10 07:18:40 PM - Building message catalogs...
03/12/10 07:18:40 PM - Building Linux x86 install...  
03/12/10 07:18:40 PM - Building main.tcl...
03/12/10 07:18:40 PM - Refreshing file groups...
03/12/10 07:18:40 PM - Getting file list...
03/12/10 07:18:40 PM - File '/home/dklofas/projects/maxkernel/src/client/maxconnect/maxconnect-0.9.jar' does not exist!
03/12/10 07:18:40 PM - Linux x86 build completed with errors
03/12/10 07:18:40 PM - Building Windows install...  
03/12/10 07:18:40 PM - Building main.tcl...
03/12/10 07:18:40 PM - Getting file list...
03/12/10 07:18:41 PM - File '/home/dklofas/projects/maxkernel/src/client/maxconnect/maxconnect-0.9.jar' does not exist!
03/12/10 07:18:41 PM - Windows build completed with errors
03/12/10 07:18:41 PM - Building tar archive...
03/12/10 07:18:41 PM - Getting file list...
03/12/10 07:18:41 PM - Gzipping tar archive...
03/12/10 07:18:41 PM - Tar Archive build completed in 00m00s.
03/12/10 07:18:41 PM - Installer size is 955.27 KB.
03/12/10 07:18:41 PM - Build completed in 00m01s.
03/12/10 07:19:28 PM - Building message catalogs...
03/12/10 07:19:28 PM - Building Linux x86 install...  
03/12/10 07:19:28 PM - Building main.tcl...
03/12/10 07:19:28 PM - Refreshing file groups...
03/12/10 07:19:28 PM - Getting file list...
03/12/10 07:19:28 PM - Building file manifest...
03/12/10 07:19:28 PM - Saving install information...
03/12/10 07:19:29 PM - Building install...
03/12/10 07:19:29 PM - Building install executable...
03/12/10 07:19:29 PM - Linux x86 build completed in 00m01s.
03/12/10 07:19:29 PM - Installer size is 2.07 MB.
03/12/10 07:19:29 PM - Building Windows install...  
03/12/10 07:19:29 PM - Building main.tcl...
03/12/10 07:19:29 PM - Getting file list...
03/12/10 07:19:30 PM - Building file manifest...
03/12/10 07:19:30 PM - Saving install information...
03/12/10 07:19:30 PM - Building install...
03/12/10 07:19:30 PM - Building install executable...
03/12/10 07:19:31 PM - Windows build completed in 00m02s.
03/12/10 07:19:31 PM - Installer size is 2.27 MB.
03/12/10 07:19:31 PM - Building tar archive...
03/12/10 07:19:31 PM - Getting file list...
03/12/10 07:19:31 PM - Gzipping tar archive...
03/12/10 07:19:31 PM - Tar Archive build completed in 00m00s.
03/12/10 07:19:31 PM - Installer size is 955.27 KB.
03/12/10 07:19:31 PM - Build completed in 00m03s.
03/12/10 07:44:30 PM - Building message catalogs...
03/12/10 07:44:30 PM - Building Linux x86 install...  
03/12/10 07:44:30 PM - Building main.tcl...
03/12/10 07:44:30 PM - Refreshing file groups...
03/12/10 07:44:30 PM - Getting file list...
03/12/10 07:44:30 PM - Building file manifest...
03/12/10 07:44:30 PM - Saving install information...
03/12/10 07:44:30 PM - Building install...
03/12/10 07:44:30 PM - Building install executable...
03/12/10 07:44:31 PM - Linux x86 build completed in 00m01s.
03/12/10 07:44:31 PM - Installer size is 1.88 MB.
03/12/10 07:44:31 PM - Building Windows install...  
03/12/10 07:44:31 PM - Building main.tcl...
03/12/10 07:44:31 PM - Getting file list...
03/12/10 07:44:31 PM - Building file manifest...
03/12/10 07:44:31 PM - Saving install information...
03/12/10 07:44:31 PM - Building install...
03/12/10 07:44:32 PM - Building install executable...
03/12/10 07:44:32 PM - Windows build completed in 00m01s.
03/12/10 07:44:32 PM - Installer size is 2.09 MB.
03/12/10 07:44:32 PM - Build completed in 00m02s.
03/12/10 07:47:51 PM - Building message catalogs...
03/12/10 07:47:51 PM - Building Linux x86 install...  
03/12/10 07:47:51 PM - Building main.tcl...
03/12/10 07:47:51 PM - Refreshing file groups...
03/12/10 07:47:51 PM - Getting file list...
03/12/10 07:47:52 PM - Building file manifest...
03/12/10 07:47:52 PM - Saving install information...
03/12/10 07:47:52 PM - Building install...
03/12/10 07:47:52 PM - Building install executable...
03/12/10 07:47:52 PM - Linux x86 build completed in 00m01s.
03/12/10 07:47:52 PM - Installer size is 1.88 MB.
03/12/10 07:47:52 PM - Building Windows install...  
03/12/10 07:47:52 PM - Building main.tcl...
03/12/10 07:47:52 PM - Getting file list...
03/12/10 07:47:53 PM - Building file manifest...
03/12/10 07:47:53 PM - Saving install information...
03/12/10 07:47:53 PM - Building install...
03/12/10 07:47:53 PM - Building install executable...
03/12/10 07:47:54 PM - Windows build completed in 00m02s.
03/12/10 07:47:54 PM - Installer size is 2.09 MB.
03/12/10 07:47:54 PM - Build completed in 00m03s.
03/12/10 07:49:09 PM - Building message catalogs...
03/12/10 07:49:09 PM - Building Linux x86 install...  
03/12/10 07:49:09 PM - Building main.tcl...
03/12/10 07:49:09 PM - Refreshing file groups...
03/12/10 07:49:09 PM - Getting file list...
03/12/10 07:49:09 PM - Building file manifest...
03/12/10 07:49:09 PM - Saving install information...
03/12/10 07:49:10 PM - Building install...
03/12/10 07:49:10 PM - Building install executable...
03/12/10 07:49:10 PM - Linux x86 build completed in 00m01s.
03/12/10 07:49:10 PM - Installer size is 1.88 MB.
03/12/10 07:49:10 PM - Building Windows install...  
03/12/10 07:49:10 PM - Building main.tcl...
03/12/10 07:49:10 PM - Getting file list...
03/12/10 07:49:10 PM - Building file manifest...
03/12/10 07:49:10 PM - Saving install information...
03/12/10 07:49:11 PM - Building install...
03/12/10 07:49:11 PM - Building install executable...
03/12/10 07:49:11 PM - Windows build completed in 00m01s.
03/12/10 07:49:11 PM - Installer size is 2.09 MB.
03/12/10 07:49:11 PM - Build completed in 00m02s.
03/12/10 07:51:45 PM - Building message catalogs...
03/12/10 07:51:45 PM - Building Linux x86 install...  
03/12/10 07:51:45 PM - Building main.tcl...
03/12/10 07:51:45 PM - Refreshing file groups...
03/12/10 07:51:45 PM - Getting file list...
03/12/10 07:51:45 PM - Building file manifest...
03/12/10 07:51:45 PM - Saving install information...
03/12/10 07:51:46 PM - Building install...
03/12/10 07:51:46 PM - Building install executable...
03/12/10 07:51:46 PM - Linux x86 build completed in 00m01s.
03/12/10 07:51:46 PM - Installer size is 1.88 MB.
03/12/10 07:51:46 PM - Building Windows install...  
03/12/10 07:51:46 PM - Building main.tcl...
03/12/10 07:51:46 PM - Getting file list...
03/12/10 07:51:46 PM - Building file manifest...
03/12/10 07:51:46 PM - Saving install information...
03/12/10 07:51:47 PM - Building install...
03/12/10 07:51:47 PM - Building install executable...
03/12/10 07:51:47 PM - Windows build completed in 00m01s.
03/12/10 07:51:47 PM - Installer size is 2.28 MB.
03/12/10 07:51:47 PM - Build completed in 00m02s.
03/12/10 08:35:07 PM - Building message catalogs...
03/12/10 08:35:07 PM - Building Linux x86 install...  
03/12/10 08:35:07 PM - Building main.tcl...
03/12/10 08:35:07 PM - Refreshing file groups...
03/12/10 08:35:07 PM - Getting file list...
03/12/10 08:35:07 PM - Building file manifest...
03/12/10 08:35:07 PM - Saving install information...
03/12/10 08:35:08 PM - Building install...
03/12/10 08:35:08 PM - Building install executable...
03/12/10 08:35:08 PM - Linux x86 build completed in 00m01s.
03/12/10 08:35:08 PM - Installer size is 1.93 MB.
03/12/10 08:35:08 PM - Building Windows install...  
03/12/10 08:35:08 PM - Building main.tcl...
03/12/10 08:35:08 PM - Getting file list...
03/12/10 08:35:08 PM - Building file manifest...
03/12/10 08:35:08 PM - Saving install information...
03/12/10 08:35:09 PM - Building install...
03/12/10 08:35:09 PM - Building install executable...
03/12/10 08:35:10 PM - Windows build completed in 00m02s.
03/12/10 08:35:10 PM - Installer size is 2.32 MB.
03/12/10 08:35:10 PM - Build completed in 00m03s.
03/12/10 08:37:52 PM - Building message catalogs...
03/12/10 08:37:52 PM - Building Linux x86 install...  
03/12/10 08:37:52 PM - Building main.tcl...
03/12/10 08:37:52 PM - Refreshing file groups...
03/12/10 08:37:52 PM - Getting file list...
03/12/10 08:37:53 PM - File '/home/dklofas/projects/maxkernel/src/client/maxconnect/icons/.svn/props/admin.png.svn-work' does not exist!
03/12/10 08:37:53 PM - File '/home/dklofas/projects/maxkernel/src/client/maxconnect/icons/.svn/props/bundle.png.svn-work' does not exist!
03/12/10 08:37:53 PM - File '/home/dklofas/projects/maxkernel/src/client/maxconnect/icons/.svn/props/deploy.png.svn-work' does not exist!
03/12/10 08:37:53 PM - File '/home/dklofas/projects/maxkernel/src/client/maxconnect/icons/.svn/props/maxconnect.png.svn-work' does not exist!
03/12/10 08:37:53 PM - File '/home/dklofas/projects/maxkernel/src/client/maxconnect/icons/.svn/props/run.png.svn-work' does not exist!
03/12/10 08:37:53 PM - File '/home/dklofas/projects/maxkernel/src/client/maxconnect/icons/.svn/props/service.png.svn-work' does not exist!
03/12/10 08:37:53 PM - Linux x86 build completed with errors
03/12/10 08:37:53 PM - Building Windows install...  
03/12/10 08:37:53 PM - Building main.tcl...
03/12/10 08:37:53 PM - Getting file list...
03/12/10 08:37:53 PM - File '/home/dklofas/projects/maxkernel/src/client/maxconnect/icons/.svn/props/admin.png.svn-work' does not exist!
03/12/10 08:37:53 PM - File '/home/dklofas/projects/maxkernel/src/client/maxconnect/icons/.svn/props/bundle.png.svn-work' does not exist!
03/12/10 08:37:53 PM - File '/home/dklofas/projects/maxkernel/src/client/maxconnect/icons/.svn/props/deploy.png.svn-work' does not exist!
03/12/10 08:37:53 PM - File '/home/dklofas/projects/maxkernel/src/client/maxconnect/icons/.svn/props/maxconnect.png.svn-work' does not exist!
03/12/10 08:37:53 PM - File '/home/dklofas/projects/maxkernel/src/client/maxconnect/icons/.svn/props/run.png.svn-work' does not exist!
03/12/10 08:37:53 PM - File '/home/dklofas/projects/maxkernel/src/client/maxconnect/icons/.svn/props/service.png.svn-work' does not exist!
03/12/10 08:37:53 PM - Windows build completed with errors
03/12/10 08:37:53 PM - Build completed in 00m01s.
03/12/10 08:38:22 PM - Building message catalogs...
03/12/10 08:38:22 PM - Building Linux x86 install...  
03/12/10 08:38:22 PM - Building main.tcl...
03/12/10 08:38:22 PM - Refreshing file groups...
03/12/10 08:38:22 PM - Getting file list...
03/12/10 08:38:22 PM - Building file manifest...
03/12/10 08:38:22 PM - Saving install information...
03/12/10 08:38:23 PM - Building install...
03/12/10 08:38:23 PM - Building install executable...
03/12/10 08:38:23 PM - Linux x86 build completed in 00m01s.
03/12/10 08:38:23 PM - Installer size is 1.93 MB.
03/12/10 08:38:23 PM - Building Windows install...  
03/12/10 08:38:23 PM - Building main.tcl...
03/12/10 08:38:23 PM - Getting file list...
03/12/10 08:38:23 PM - Building file manifest...
03/12/10 08:38:23 PM - Saving install information...
03/12/10 08:38:24 PM - Building install...
03/12/10 08:38:24 PM - Building install executable...
03/12/10 08:38:24 PM - Windows build completed in 00m01s.
03/12/10 08:38:24 PM - Installer size is 2.32 MB.
03/12/10 08:38:24 PM - Build completed in 00m02s.
03/12/10 10:42:32 PM - Building message catalogs...
03/12/10 10:42:32 PM - Building Linux x86 install...  
03/12/10 10:42:32 PM - Building main.tcl...
03/12/10 10:42:32 PM - Refreshing file groups...
03/12/10 10:42:32 PM - Getting file list...
03/12/10 10:42:33 PM - Building file manifest...
03/12/10 10:42:33 PM - Saving install information...
03/12/10 10:42:33 PM - Building install...
03/12/10 10:42:33 PM - Building install executable...
03/12/10 10:42:34 PM - Linux x86 build completed in 00m02s.
03/12/10 10:42:34 PM - Installer size is 1.99 MB.
03/12/10 10:42:34 PM - Building Windows install...  
03/12/10 10:42:34 PM - Building main.tcl...
03/12/10 10:42:34 PM - Getting file list...
03/12/10 10:42:34 PM - Building file manifest...
03/12/10 10:42:34 PM - Saving install information...
03/12/10 10:42:35 PM - Building install...
03/12/10 10:42:35 PM - Building install executable...
03/12/10 10:42:35 PM - Windows build completed in 00m01s.
03/12/10 10:42:35 PM - Installer size is 2.38 MB.
03/12/10 10:42:35 PM - Build completed in 00m03s.
03/12/10 11:24:20 PM - Building message catalogs...
03/12/10 11:24:20 PM - Building Linux x86 install...  
03/12/10 11:24:20 PM - Building main.tcl...
03/12/10 11:24:20 PM - Refreshing file groups...
03/12/10 11:24:20 PM - Getting file list...
03/12/10 11:24:21 PM - Building file manifest...
03/12/10 11:24:21 PM - Saving install information...
03/12/10 11:24:21 PM - Building install...
03/12/10 11:24:21 PM - Building install executable...
03/12/10 11:24:22 PM - Linux x86 build completed in 00m02s.
03/12/10 11:24:22 PM - Installer size is 1.99 MB.
03/12/10 11:24:22 PM - Building Windows install...  
03/12/10 11:24:22 PM - Building main.tcl...
03/12/10 11:24:22 PM - Getting file list...
03/12/10 11:24:22 PM - Building file manifest...
03/12/10 11:24:22 PM - Saving install information...
03/12/10 11:24:22 PM - Building install...
03/12/10 11:24:22 PM - Building install executable...
03/12/10 11:24:23 PM - Windows build completed in 00m01s.
03/12/10 11:24:23 PM - Installer size is 2.38 MB.
03/12/10 11:24:23 PM - Building tar archive...
03/12/10 11:24:23 PM - Getting file list...
03/12/10 11:24:23 PM - Gzipping tar archive...
03/12/10 11:24:24 PM - Tar Archive build completed in 00m01s.
03/12/10 11:24:24 PM - Installer size is 858.23 KB.
03/12/10 11:24:24 PM - Build completed in 00m04s.
03/12/10 11:43:18 PM - Building message catalogs...
03/12/10 11:43:18 PM - Building Linux x86 install...  
03/12/10 11:43:18 PM - Building main.tcl...
03/12/10 11:43:18 PM - Refreshing file groups...
03/12/10 11:43:18 PM - Getting file list...
03/12/10 11:43:18 PM - Building file manifest...
03/12/10 11:43:18 PM - Saving install information...
03/12/10 11:43:19 PM - Building install...
03/12/10 11:43:19 PM - Building install executable...
03/12/10 11:43:19 PM - Linux x86 build completed in 00m01s.
03/12/10 11:43:19 PM - Installer size is 1.99 MB.
03/12/10 11:43:19 PM - Building Windows install...  
03/12/10 11:43:19 PM - Building main.tcl...
03/12/10 11:43:19 PM - Getting file list...
03/12/10 11:43:19 PM - Building file manifest...
03/12/10 11:43:19 PM - Saving install information...
03/12/10 11:43:20 PM - Building install...
03/12/10 11:43:20 PM - Building install executable...
03/12/10 11:43:21 PM - Windows build completed in 00m02s.
03/12/10 11:43:21 PM - Installer size is 2.38 MB.
03/12/10 11:43:21 PM - Building tar archive...
03/12/10 11:43:21 PM - Getting file list...
03/12/10 11:43:21 PM - Gzipping tar archive...
03/12/10 11:43:22 PM - Tar Archive build completed in 00m01s.
03/12/10 11:43:22 PM - Installer size is 858.23 KB.
03/12/10 11:43:22 PM - Build completed in 00m04s.
03/12/10 11:44:29 PM - Building message catalogs...
03/12/10 11:44:29 PM - Building Linux x86 install...  
03/12/10 11:44:29 PM - Building main.tcl...
03/12/10 11:44:29 PM - Refreshing file groups...
03/12/10 11:44:29 PM - Getting file list...
03/12/10 11:44:29 PM - Building file manifest...
03/12/10 11:44:29 PM - Saving install information...
03/12/10 11:44:30 PM - Building install...
03/12/10 11:44:30 PM - Building install executable...
03/12/10 11:44:30 PM - Linux x86 build completed in 00m01s.
03/12/10 11:44:30 PM - Installer size is 1.99 MB.
03/12/10 11:44:30 PM - Building Windows install...  
03/12/10 11:44:30 PM - Building main.tcl...
03/12/10 11:44:30 PM - Getting file list...
03/12/10 11:44:30 PM - Building file manifest...
03/12/10 11:44:30 PM - Saving install information...
03/12/10 11:44:31 PM - Building install...
03/12/10 11:44:31 PM - Building install executable...
03/12/10 11:44:32 PM - Windows build completed in 00m02s.
03/12/10 11:44:32 PM - Installer size is 2.38 MB.
03/12/10 11:44:32 PM - Building tar archive...
03/12/10 11:44:32 PM - Getting file list...
03/12/10 11:44:32 PM - Gzipping tar archive...
03/12/10 11:44:32 PM - Tar Archive build completed in 00m00s.
03/12/10 11:44:32 PM - Installer size is 857.89 KB.
03/12/10 11:44:32 PM - Build completed in 00m03s.
03/12/10 11:45:47 PM - Building message catalogs...
03/12/10 11:45:47 PM - Building Linux x86 install...  
03/12/10 11:45:47 PM - Building main.tcl...
03/12/10 11:45:47 PM - Refreshing file groups...
03/12/10 11:45:47 PM - Getting file list...
03/12/10 11:45:47 PM - Building file manifest...
03/12/10 11:45:47 PM - Saving install information...
03/12/10 11:45:48 PM - Building install...
03/12/10 11:45:48 PM - Building install executable...
03/12/10 11:45:48 PM - Linux x86 build completed in 00m01s.
03/12/10 11:45:48 PM - Installer size is 1.99 MB.
03/12/10 11:45:48 PM - Building Windows install...  
03/12/10 11:45:48 PM - Building main.tcl...
03/12/10 11:45:48 PM - Getting file list...
03/12/10 11:45:49 PM - Building file manifest...
03/12/10 11:45:49 PM - Saving install information...
03/12/10 11:45:49 PM - Building install...
03/12/10 11:45:49 PM - Building install executable...
03/12/10 11:45:50 PM - Windows build completed in 00m02s.
03/12/10 11:45:50 PM - Installer size is 2.38 MB.
03/12/10 11:45:50 PM - Building tar archive...
03/12/10 11:45:50 PM - Getting file list...
03/12/10 11:45:50 PM - Gzipping tar archive...
03/12/10 11:45:50 PM - Tar Archive build completed in 00m00s.
03/12/10 11:45:50 PM - Installer size is 857.89 KB.
03/12/10 11:45:50 PM - Build completed in 00m03s.
03/12/10 11:49:16 PM - Building message catalogs...
03/12/10 11:49:16 PM - Building Linux x86 install...  
03/12/10 11:49:16 PM - Building main.tcl...
03/12/10 11:49:16 PM - Refreshing file groups...
03/12/10 11:49:16 PM - Getting file list...
03/12/10 11:49:17 PM - Building file manifest...
03/12/10 11:49:17 PM - Saving install information...
03/12/10 11:49:17 PM - Building install...
03/12/10 11:49:17 PM - Building install executable...
03/12/10 11:49:18 PM - Linux x86 build completed in 00m01s.
03/12/10 11:49:18 PM - Installer size is 1.99 MB.
03/12/10 11:49:18 PM - Building Windows install...  
03/12/10 11:49:18 PM - Building main.tcl...
03/12/10 11:49:18 PM - Getting file list...
03/12/10 11:49:18 PM - Building file manifest...
03/12/10 11:49:18 PM - Saving install information...
03/12/10 11:49:18 PM - Building install...
03/12/10 11:49:18 PM - Building install executable...
03/12/10 11:49:19 PM - Windows build completed in 00m01s.
03/12/10 11:49:19 PM - Installer size is 2.38 MB.
03/12/10 11:49:19 PM - Building tar archive...
03/12/10 11:49:19 PM - Getting file list...
03/12/10 11:49:19 PM - Gzipping tar archive...
03/12/10 11:49:19 PM - Tar Archive build completed in 00m00s.
03/12/10 11:49:19 PM - Installer size is 857.89 KB.
03/12/10 11:49:19 PM - Build completed in 00m03s.
03/12/10 11:51:28 PM - Building message catalogs...
03/12/10 11:51:28 PM - Building Linux x86 install...  
03/12/10 11:51:28 PM - Building main.tcl...
03/12/10 11:51:28 PM - Refreshing file groups...
03/12/10 11:51:28 PM - Getting file list...
03/12/10 11:51:29 PM - Building file manifest...
03/12/10 11:51:29 PM - Saving install information...
03/12/10 11:51:29 PM - Building install...
03/12/10 11:51:29 PM - Building install executable...
03/12/10 11:51:30 PM - Linux x86 build completed in 00m02s.
03/12/10 11:51:30 PM - Installer size is 1.99 MB.
03/12/10 11:51:30 PM - Building Windows install...  
03/12/10 11:51:30 PM - Building main.tcl...
03/12/10 11:51:30 PM - Getting file list...
03/12/10 11:51:30 PM - Building file manifest...
03/12/10 11:51:30 PM - Saving install information...
03/12/10 11:51:30 PM - Building install...
03/12/10 11:51:30 PM - Building install executable...
03/12/10 11:51:31 PM - Windows build completed in 00m01s.
03/12/10 11:51:31 PM - Installer size is 2.38 MB.
03/12/10 11:51:31 PM - Building tar archive...
03/12/10 11:51:31 PM - Getting file list...
03/12/10 11:51:31 PM - Gzipping tar archive...
03/12/10 11:51:31 PM - Tar Archive build completed in 00m00s.
03/12/10 11:51:31 PM - Installer size is 857.80 KB.
03/12/10 11:51:31 PM - Build completed in 00m03s.
03/12/10 11:56:27 PM - Building message catalogs...
03/12/10 11:56:27 PM - Building Linux x86 install...  
03/12/10 11:56:27 PM - Building main.tcl...
03/12/10 11:56:27 PM - Refreshing file groups...
03/12/10 11:56:27 PM - Getting file list...
03/12/10 11:56:27 PM - Building file manifest...
03/12/10 11:56:27 PM - Saving install information...
03/12/10 11:56:28 PM - Building install...
03/12/10 11:56:28 PM - Building install executable...
03/12/10 11:56:28 PM - Linux x86 build completed in 00m01s.
03/12/10 11:56:28 PM - Installer size is 1.99 MB.
03/12/10 11:56:28 PM - Building Windows install...  
03/12/10 11:56:28 PM - Building main.tcl...
03/12/10 11:56:28 PM - Getting file list...
03/12/10 11:56:29 PM - Building file manifest...
03/12/10 11:56:29 PM - Saving install information...
03/12/10 11:56:29 PM - Building install...
03/12/10 11:56:29 PM - Building install executable...
03/12/10 11:56:30 PM - Windows build completed in 00m02s.
03/12/10 11:56:30 PM - Installer size is 2.38 MB.
03/12/10 11:56:30 PM - Building tar archive...
03/12/10 11:56:30 PM - Getting file list...
03/12/10 11:56:31 PM - Gzipping tar archive...
03/12/10 11:56:31 PM - Tar Archive build completed in 00m01s.
03/12/10 11:56:31 PM - Installer size is 857.80 KB.
03/12/10 11:56:31 PM - Build completed in 00m04s.
03/14/10 04:47:14 AM - Building message catalogs...
03/14/10 04:47:14 AM - Building Linux x86 install...  
03/14/10 04:47:14 AM - Building main.tcl...
03/14/10 04:47:14 AM - Refreshing file groups...
03/14/10 04:47:14 AM - Getting file list...
03/14/10 04:47:14 AM - Building file manifest...
03/14/10 04:47:14 AM - Saving install information...
03/14/10 04:47:15 AM - Building install...
03/14/10 04:47:15 AM - Building install executable...
03/14/10 04:47:15 AM - Linux x86 build completed in 00m01s.
03/14/10 04:47:15 AM - Installer size is 3.31 MB.
03/14/10 04:47:15 AM - Building Windows install...  
03/14/10 04:47:15 AM - Building main.tcl...
03/14/10 04:47:15 AM - Getting file list...
03/14/10 04:47:15 AM - Building file manifest...
03/14/10 04:47:15 AM - Saving install information...
03/14/10 04:47:16 AM - Building install...
03/14/10 04:47:16 AM - Building install executable...
03/14/10 04:47:17 AM - Windows build completed in 00m02s.
03/14/10 04:47:17 AM - Installer size is 3.70 MB.
03/14/10 04:47:17 AM - Building tar archive...
03/14/10 04:47:17 AM - Getting file list...
03/14/10 04:47:17 AM - Gzipping tar archive...
03/14/10 04:47:18 AM - Tar Archive build completed in 00m01s.
03/14/10 04:47:18 AM - Installer size is 2.17 MB.
03/14/10 04:47:18 AM - Build completed in 00m04s.
03/16/10 02:21:24 PM - Building message catalogs...
03/16/10 02:21:24 PM - Building Linux x86 install...  
03/16/10 02:21:24 PM - Building main.tcl...
03/16/10 02:21:24 PM - Refreshing file groups...
03/16/10 02:21:24 PM - Getting file list...
03/16/10 02:21:25 PM - Building file manifest...
03/16/10 02:21:25 PM - Saving install information...
03/16/10 02:21:25 PM - Building install...
03/16/10 02:21:25 PM - Building install executable...
03/16/10 02:21:26 PM - Linux x86 build completed in 00m02s.
03/16/10 02:21:26 PM - Installer size is 3.34 MB.
03/16/10 02:21:26 PM - Building Windows install...  
03/16/10 02:21:26 PM - Building main.tcl...
03/16/10 02:21:26 PM - Getting file list...
03/16/10 02:21:26 PM - Building file manifest...
03/16/10 02:21:26 PM - Saving install information...
03/16/10 02:21:27 PM - Building install...
03/16/10 02:21:27 PM - Building install executable...
03/16/10 02:21:28 PM - Windows build completed in 00m02s.
03/16/10 02:21:28 PM - Installer size is 3.73 MB.
03/16/10 02:21:28 PM - Building tar archive...
03/16/10 02:21:28 PM - Getting file list...
03/16/10 02:21:28 PM - Gzipping tar archive...
03/16/10 02:21:28 PM - Tar Archive build completed in 00m00s.
03/16/10 02:21:28 PM - Installer size is 2.19 MB.
03/16/10 02:21:28 PM - Build completed in 00m04s.
